2024-10-02 16:15:55.557 [main] WARN  com.alibaba.nacos.client.logging.NacosLogging - Load Logback Configuration of Nacos fail, message: Could not initialize Logback Nacos logging from classpath:nacos-logback.xml
2024-10-02 16:15:55.625 [main] WARN  com.alibaba.nacos.client.logging.NacosLogging - Load Logback Configuration of Nacos fail, message: Could not initialize Logback Nacos logging from classpath:nacos-logback.xml
2024-10-02 16:15:56.028 [main] WARN  com.alibaba.nacos.client.logging.NacosLogging - Load Logback Configuration of Nacos fail, message: Could not initialize Logback Nacos logging from classpath:nacos-logback.xml
2024-10-02 16:15:56.044 [main] WARN  com.alibaba.nacos.client.logging.NacosLogging - Load Logback Configuration of Nacos fail, message: Could not initialize Logback Nacos logging from classpath:nacos-logback.xml
2024-10-02 16:15:56.044 [main] INFO  com.zealsinger.kv.ZealsingerbookKVApplication - The following 1 profile is active: "dev"
2024-10-02 16:15:56.410 [main] INFO  o.springframework.cloud.context.scope.GenericScope - BeanFactory id=454dd1f2-798d-3d0c-bf8a-1dcef21320f5
2024-10-02 16:15:56.598 [main] INFO  o.s.boot.web.embedded.tomcat.TomcatWebServer - Tomcat initialized with port(s): 8084 (http)
2024-10-02 16:15:56.608 [main] INFO  org.apache.catalina.core.StandardService - Starting service [Tomcat]
2024-10-02 16:15:56.608 [main] INFO  org.apache.catalina.core.StandardEngine - Starting Servlet engine: [Apache Tomcat/10.1.5]
2024-10-02 16:15:56.686 [main] INFO  o.a.c.core.ContainerBase.[Tomcat].[localhost].[/] - Initializing Spring embedded WebApplicationContext
2024-10-02 16:15:56.686 [main] INFO  o.s.b.w.s.c.ServletWebServerApplicationContext - Root WebApplicationContext: initialization completed in 634 ms
2024-10-02 16:15:57.452 [main] INFO  o.s.boot.web.embedded.tomcat.TomcatWebServer - Tomcat started on port(s): 8084 (http) with context path ''
2024-10-02 16:15:57.459 [main] WARN  com.alibaba.nacos.client.logging.NacosLogging - Load Logback Configuration of Nacos fail, message: Could not initialize Logback Nacos logging from classpath:nacos-logback.xml
2024-10-02 16:15:57.459 [main] INFO  com.alibaba.nacos.client.naming - initializer namespace from ans.namespace attribute : null
2024-10-02 16:15:57.460 [main] INFO  com.alibaba.nacos.client.naming - initializer namespace from ALIBABA_ALIWARE_NAMESPACE attribute :null
2024-10-02 16:15:57.460 [main] INFO  com.alibaba.nacos.client.naming - initializer namespace from namespace attribute :null
2024-10-02 16:15:57.483 [main] INFO  com.alibaba.nacos.client.utils.ParamUtil - [settings] [req-serv] nacos-server port:8848
2024-10-02 16:15:57.483 [main] INFO  com.alibaba.nacos.client.utils.ParamUtil - [settings] [http-client] connect timeout:1000
2024-10-02 16:15:57.484 [main] INFO  com.alibaba.nacos.client.utils.ParamUtil - PER_TASK_CONFIG_SIZE: 3000.0
2024-10-02 16:15:57.487 [main] INFO  c.a.n.p.auth.spi.client.ClientAuthPluginManager - [ClientAuthPluginManager] Load ClientAuthService com.alibaba.nacos.client.auth.impl.NacosClientAuthServiceImpl success.
2024-10-02 16:15:57.487 [main] INFO  c.a.n.p.auth.spi.client.ClientAuthPluginManager - [ClientAuthPluginManager] Load ClientAuthService com.alibaba.nacos.client.auth.ram.RamClientAuthServiceImpl success.
2024-10-02 16:15:57.489 [main] INFO  c.a.n.client.auth.ram.identify.CredentialWatcher - null No credential found
2024-10-02 16:15:57.498 [main] INFO  com.alibaba.nacos.common.remote.client - [RpcClientFactory] create a new rpc client of d1d5cd8c-44db-44d7-9631-7e38efc32160
2024-10-02 16:15:57.514 [main] INFO  com.alibaba.nacos.common.remote.client - [d1d5cd8c-44db-44d7-9631-7e38efc32160] RpcClient init, ServerListFactory = com.alibaba.nacos.client.naming.core.ServerListManager
2024-10-02 16:15:57.514 [main] INFO  com.alibaba.nacos.common.remote.client - [d1d5cd8c-44db-44d7-9631-7e38efc32160] Registry connection listener to current client:com.alibaba.nacos.client.naming.remote.gprc.redo.NamingGrpcRedoService
2024-10-02 16:15:57.514 [main] INFO  com.alibaba.nacos.common.remote.client - [d1d5cd8c-44db-44d7-9631-7e38efc32160] Register server push request handler:com.alibaba.nacos.client.naming.remote.gprc.NamingPushRequestHandler
2024-10-02 16:15:57.516 [main] INFO  com.alibaba.nacos.common.remote.client - [d1d5cd8c-44db-44d7-9631-7e38efc32160] Try to connect to server on start up, server: {serverIp = '192.168.17.131', server main port = 8848}
2024-10-02 16:15:57.543 [main] INFO  c.a.nacos.common.remote.client.grpc.GrpcClient - grpc client connection server:192.168.17.131 ip,serverPort:9848,grpcTslConfig:{"sslProvider":"OPENSSL","enableTls":false,"mutualAuthEnable":false,"trustAll":false}
2024-10-02 16:15:58.818 [main] INFO  com.alibaba.nacos.common.remote.client - [d1d5cd8c-44db-44d7-9631-7e38efc32160] Success to connect to server [192.168.17.131:8848] on start up, connectionId = 1727856957533_192.168.17.1_62232
2024-10-02 16:15:58.818 [com.alibaba.nacos.client.remote.worker] INFO  com.alibaba.nacos.common.remote.client - [d1d5cd8c-44db-44d7-9631-7e38efc32160] Notify connected event to listeners.
2024-10-02 16:15:58.818 [com.alibaba.nacos.client.remote.worker] INFO  com.alibaba.nacos.client.naming - Grpc connection connect
2024-10-02 16:15:58.819 [main] INFO  com.alibaba.nacos.common.remote.client - [d1d5cd8c-44db-44d7-9631-7e38efc32160] Register server push request handler:com.alibaba.nacos.common.remote.client.RpcClient$ConnectResetRequestHandler
2024-10-02 16:15:58.819 [main] INFO  com.alibaba.nacos.common.remote.client - [d1d5cd8c-44db-44d7-9631-7e38efc32160] Register server push request handler:com.alibaba.nacos.common.remote.client.RpcClient$$Lambda$893/0x00000008011bf740
2024-10-02 16:15:58.821 [main] INFO  com.alibaba.nacos.client.naming - [REGISTER-SERVICE] zealsingerbook registering service zealsingerbook-kv with instance Instance{instanceId='null', ip='192.168.195.1', port=8084, weight=1.0, healthy=true, enabled=true, ephemeral=true, clusterName='DEFAULT', serviceName='null', metadata={IPv6=null, preserved.register.source=SPRING_CLOUD}}
2024-10-02 16:15:58.851 [main] ERROR com.alibaba.nacos.common.remote.client - Connection is unregistered, switch server, connectionId = 1727856957533_192.168.17.1_62232, request = InstanceRequest
2024-10-02 16:15:58.852 [com.alibaba.nacos.client.remote.worker] INFO  com.alibaba.nacos.common.remote.client - [d1d5cd8c-44db-44d7-9631-7e38efc32160] Try to reconnect to a new server, server is  not appointed, will choose a random server.
2024-10-02 16:15:58.852 [com.alibaba.nacos.client.remote.worker] INFO  c.a.nacos.common.remote.client.grpc.GrpcClient - grpc client connection server:192.168.17.131 ip,serverPort:9848,grpcTslConfig:{"sslProvider":"OPENSSL","enableTls":false,"mutualAuthEnable":false,"trustAll":false}
2024-10-02 16:15:58.957 [main] ERROR com.alibaba.nacos.common.remote.client - Send request fail, request = InstanceRequest{headers={app=unknown}, requestId='null'}, retryTimes = 0, errorMessage = Connection is unregistered.
2024-10-02 16:15:59.004 [com.alibaba.nacos.client.remote.worker] INFO  com.alibaba.nacos.common.remote.client - [d1d5cd8c-44db-44d7-9631-7e38efc32160] Success to connect a server [192.168.17.131:8848], connectionId = 1727856958046_192.168.17.1_62238
2024-10-02 16:15:59.004 [com.alibaba.nacos.client.remote.worker] INFO  com.alibaba.nacos.common.remote.client - [d1d5cd8c-44db-44d7-9631-7e38efc32160] Abandon prev connection, server is 192.168.17.131:8848, connectionId is 1727856957533_192.168.17.1_62232
2024-10-02 16:15:59.004 [com.alibaba.nacos.client.remote.worker] INFO  com.alibaba.nacos.common.remote.client - Close current connection 1727856957533_192.168.17.1_62232
2024-10-02 16:15:59.007 [nacos-grpc-client-executor-192.168.17.131-16] WARN  c.a.nacos.common.remote.client.grpc.GrpcClient - [1727856957533_192.168.17.1_62232]Ignore error event,isRunning:false,isAbandon=true
2024-10-02 16:15:59.008 [com.alibaba.nacos.client.remote.worker] INFO  com.alibaba.nacos.common.remote.client - [d1d5cd8c-44db-44d7-9631-7e38efc32160] Notify disconnected event to listeners
2024-10-02 16:15:59.009 [com.alibaba.nacos.client.remote.worker] WARN  com.alibaba.nacos.client.naming - Grpc connection disconnect, mark to redo
2024-10-02 16:15:59.009 [com.alibaba.nacos.client.remote.worker] WARN  com.alibaba.nacos.client.naming - mark to redo completed
2024-10-02 16:15:59.009 [com.alibaba.nacos.client.remote.worker] INFO  com.alibaba.nacos.common.remote.client - [d1d5cd8c-44db-44d7-9631-7e38efc32160] Notify connected event to listeners.
2024-10-02 16:15:59.009 [com.alibaba.nacos.client.remote.worker] INFO  com.alibaba.nacos.client.naming - Grpc connection connect
2024-10-02 16:15:59.066 [main] ERROR com.alibaba.nacos.common.remote.client - Send request fail, request = InstanceRequest{headers={app=unknown}, requestId='null'}, retryTimes = 1, errorMessage = Client not connected, current status:UNHEALTHY
2024-10-02 16:15:59.141 [main] INFO  c.a.cloud.nacos.registry.NacosServiceRegistry - nacos registry, DEFAULT_GROUP zealsingerbook-kv 192.168.195.1:8084 register finished
2024-10-02 16:15:59.360 [main] INFO  com.zealsinger.kv.ZealsingerbookKVApplication - Started ZealsingerbookKVApplication in 4.538 seconds (process running for 5.182)
2024-10-02 16:50:24.132 [Thread-8] WARN  c.alibaba.nacos.common.http.HttpClientBeanHolder - [HttpClientBeanHolder] Start destroying common HttpClient
2024-10-02 16:50:24.132 [Thread-5] WARN  com.alibaba.nacos.common.notify.NotifyCenter - [NotifyCenter] Start destroying Publisher
2024-10-02 16:50:24.134 [Thread-5] WARN  com.alibaba.nacos.common.notify.NotifyCenter - [NotifyCenter] Destruction of the end
2024-10-02 16:50:24.135 [Thread-8] WARN  c.alibaba.nacos.common.http.HttpClientBeanHolder - [HttpClientBeanHolder] Destruction of the end
2024-10-02 16:50:24.192 [SpringApplicationShutdownHook] INFO  c.a.cloud.nacos.registry.NacosServiceRegistry - De-registering from Nacos Server now...
2024-10-02 16:50:24.193 [SpringApplicationShutdownHook] INFO  com.alibaba.nacos.client.naming - [DEREGISTER-SERVICE] zealsingerbook deregistering service zealsingerbook-kv with instance: Instance{instanceId='null', ip='192.168.195.1', port=8084, weight=1.0, healthy=true, enabled=true, ephemeral=true, clusterName='DEFAULT', serviceName='null', metadata={}}
2024-10-02 16:50:24.199 [SpringApplicationShutdownHook] INFO  c.a.cloud.nacos.registry.NacosServiceRegistry - De-registration finished.
2024-10-02 16:50:24.200 [SpringApplicationShutdownHook] INFO  com.alibaba.nacos.client.naming - com.alibaba.nacos.client.naming.cache.ServiceInfoHolder do shutdown begin
2024-10-02 16:50:24.200 [SpringApplicationShutdownHook] INFO  com.alibaba.nacos.client.naming - com.alibaba.nacos.client.naming.backups.FailoverReactor do shutdown begin
2024-10-02 16:50:24.200 [SpringApplicationShutdownHook] INFO  com.alibaba.nacos.client.naming - com.alibaba.nacos.client.naming.backups.FailoverReactor do shutdown stop
2024-10-02 16:50:24.200 [SpringApplicationShutdownHook] INFO  com.alibaba.nacos.client.naming - com.alibaba.nacos.client.naming.cache.ServiceInfoHolder do shutdown stop
2024-10-02 16:50:24.200 [SpringApplicationShutdownHook] INFO  com.alibaba.nacos.client.naming - com.alibaba.nacos.client.naming.remote.NamingClientProxyDelegate do shutdown begin
2024-10-02 16:50:24.200 [SpringApplicationShutdownHook] INFO  com.alibaba.nacos.client.naming - com.alibaba.nacos.client.naming.core.ServiceInfoUpdateService do shutdown begin
2024-10-02 16:50:24.201 [SpringApplicationShutdownHook] INFO  com.alibaba.nacos.client.naming - com.alibaba.nacos.client.naming.core.ServiceInfoUpdateService do shutdown stop
2024-10-02 16:50:24.201 [SpringApplicationShutdownHook] INFO  com.alibaba.nacos.client.naming - com.alibaba.nacos.client.naming.core.ServerListManager do shutdown begin
2024-10-02 16:50:24.201 [SpringApplicationShutdownHook] WARN  com.alibaba.nacos.client.naming - [NamingHttpClientManager] Start destroying NacosRestTemplate
2024-10-02 16:50:24.201 [SpringApplicationShutdownHook] WARN  com.alibaba.nacos.client.naming - [NamingHttpClientManager] Destruction of the end
2024-10-02 16:50:24.201 [SpringApplicationShutdownHook] INFO  com.alibaba.nacos.client.naming - com.alibaba.nacos.client.naming.core.ServerListManager do shutdown stop
2024-10-02 16:50:24.201 [SpringApplicationShutdownHook] INFO  com.alibaba.nacos.client.naming - com.alibaba.nacos.client.naming.remote.http.NamingHttpClientProxy do shutdown begin
2024-10-02 16:50:24.201 [SpringApplicationShutdownHook] WARN  com.alibaba.nacos.client.naming - [NamingHttpClientManager] Start destroying NacosRestTemplate
2024-10-02 16:50:24.201 [SpringApplicationShutdownHook] WARN  com.alibaba.nacos.client.naming - [NamingHttpClientManager] Destruction of the end
2024-10-02 16:50:24.201 [SpringApplicationShutdownHook] INFO  com.alibaba.nacos.client.naming - com.alibaba.nacos.client.naming.remote.http.NamingHttpClientProxy do shutdown stop
2024-10-02 16:50:24.202 [SpringApplicationShutdownHook] INFO  com.alibaba.nacos.common.remote.client - Shutdown rpc client, set status to shutdown
2024-10-02 16:50:24.202 [SpringApplicationShutdownHook] INFO  com.alibaba.nacos.common.remote.client - Shutdown client event executor java.util.concurrent.ScheduledThreadPoolExecutor@28bc6c0d[Running, pool size = 2, active threads = 2, queued tasks = 0, completed tasks = 0]
2024-10-02 16:50:24.202 [SpringApplicationShutdownHook] INFO  com.alibaba.nacos.common.remote.client - Close current connection 1727856958046_192.168.17.1_62238
2024-10-02 16:50:24.203 [nacos-grpc-client-executor-192.168.17.131-476] WARN  c.a.nacos.common.remote.client.grpc.GrpcClient - [1727856958046_192.168.17.1_62238]Ignore error event,isRunning:false,isAbandon=false
2024-10-02 16:50:24.203 [SpringApplicationShutdownHook] INFO  c.a.nacos.common.remote.client.grpc.GrpcClient - Shutdown grpc executor java.util.concurrent.ThreadPoolExecutor@5b5ff63f[Running, pool size = 4, active threads = 1, queued tasks = 0, completed tasks = 476]
2024-10-02 16:50:24.203 [SpringApplicationShutdownHook] INFO  com.alibaba.nacos.client.naming - Shutdown grpc redo service executor java.util.concurrent.ScheduledThreadPoolExecutor@422f56dc[Running, pool size = 1, active threads = 0, queued tasks = 1, completed tasks = 687]
2024-10-02 16:50:24.203 [SpringApplicationShutdownHook] INFO  c.a.n.client.auth.ram.identify.CredentialWatcher - [null] CredentialWatcher is stopped
2024-10-02 16:50:24.203 [SpringApplicationShutdownHook] INFO  c.a.n.client.auth.ram.identify.CredentialService - [null] CredentialService is freed
2024-10-02 16:50:24.203 [SpringApplicationShutdownHook] INFO  com.alibaba.nacos.client.naming - com.alibaba.nacos.client.naming.remote.NamingClientProxyDelegate do shutdown stop
2024-10-02 16:50:27.948 [main] WARN  com.alibaba.nacos.client.logging.NacosLogging - Load Logback Configuration of Nacos fail, message: Could not initialize Logback Nacos logging from classpath:nacos-logback.xml
2024-10-02 16:50:28.006 [main] WARN  com.alibaba.nacos.client.logging.NacosLogging - Load Logback Configuration of Nacos fail, message: Could not initialize Logback Nacos logging from classpath:nacos-logback.xml
2024-10-02 16:50:28.411 [main] WARN  com.alibaba.nacos.client.logging.NacosLogging - Load Logback Configuration of Nacos fail, message: Could not initialize Logback Nacos logging from classpath:nacos-logback.xml
2024-10-02 16:50:28.423 [main] WARN  com.alibaba.nacos.client.logging.NacosLogging - Load Logback Configuration of Nacos fail, message: Could not initialize Logback Nacos logging from classpath:nacos-logback.xml
2024-10-02 16:50:28.423 [main] INFO  com.zealsinger.kv.ZealsingerbookKVApplication - The following 1 profile is active: "dev"
2024-10-02 16:50:28.968 [main] INFO  o.s.d.r.config.RepositoryConfigurationDelegate - Bootstrapping Spring Data Reactive Cassandra repositories in DEFAULT mode.
2024-10-02 16:50:29.172 [main] INFO  o.s.d.r.config.RepositoryConfigurationDelegate - Finished Spring Data repository scanning in 197 ms. Found 0 Reactive Cassandra repository interfaces.
2024-10-02 16:50:29.183 [main] INFO  o.s.d.r.config.RepositoryConfigurationDelegate - Bootstrapping Spring Data Cassandra repositories in DEFAULT mode.
2024-10-02 16:50:29.211 [main] INFO  o.s.d.r.config.RepositoryConfigurationDelegate - Finished Spring Data repository scanning in 26 ms. Found 1 Cassandra repository interfaces.
2024-10-02 16:50:29.393 [main] INFO  o.springframework.cloud.context.scope.GenericScope - BeanFactory id=a67457e8-8e2b-3ee8-be19-16ed64c5f97b
2024-10-02 16:50:29.771 [main] INFO  o.s.boot.web.embedded.tomcat.TomcatWebServer - Tomcat initialized with port(s): 8084 (http)
2024-10-02 16:50:29.784 [main] INFO  org.apache.catalina.core.StandardService - Starting service [Tomcat]
2024-10-02 16:50:29.785 [main] INFO  org.apache.catalina.core.StandardEngine - Starting Servlet engine: [Apache Tomcat/10.1.5]
2024-10-02 16:50:29.891 [main] INFO  o.a.c.core.ContainerBase.[Tomcat].[localhost].[/] - Initializing Spring embedded WebApplicationContext
2024-10-02 16:50:29.891 [main] INFO  o.s.b.w.s.c.ServletWebServerApplicationContext - Root WebApplicationContext: initialization completed in 1458 ms
2024-10-02 16:50:30.205 [main] INFO  c.d.o.driver.internal.core.DefaultMavenCoordinates - DataStax Java driver for Apache Cassandra(R) (com.datastax.oss:java-driver-core) version 4.15.0
2024-10-02 16:50:30.776 [s0-admin-0] INFO  com.datastax.oss.driver.internal.core.time.Clock - Using native clock for microsecond precision
2024-10-02 16:50:31.488 [s1-admin-0] INFO  com.datastax.oss.driver.internal.core.time.Clock - Using native clock for microsecond precision
2024-10-02 16:50:32.904 [main] WARN  o.s.c.l.c.LoadBalancerCacheAutoConfiguration$LoadBalancerCaffeineWarnLogger - Spring Cloud LoadBalancer is currently working with the default cache. While this cache implementation is useful for development and tests, it's recommended to use Caffeine cache in production.You can switch to using Caffeine cache, by adding it and org.springframework.cache.caffeine.CaffeineCacheManager to the classpath.
2024-10-02 16:50:32.963 [main] INFO  o.s.boot.web.embedded.tomcat.TomcatWebServer - Tomcat started on port(s): 8084 (http) with context path ''
2024-10-02 16:50:32.970 [main] WARN  com.alibaba.nacos.client.logging.NacosLogging - Load Logback Configuration of Nacos fail, message: Could not initialize Logback Nacos logging from classpath:nacos-logback.xml
2024-10-02 16:50:32.970 [main] INFO  com.alibaba.nacos.client.naming - initializer namespace from ans.namespace attribute : null
2024-10-02 16:50:32.971 [main] INFO  com.alibaba.nacos.client.naming - initializer namespace from ALIBABA_ALIWARE_NAMESPACE attribute :null
2024-10-02 16:50:32.971 [main] INFO  com.alibaba.nacos.client.naming - initializer namespace from namespace attribute :null
2024-10-02 16:50:32.991 [main] INFO  com.alibaba.nacos.client.utils.ParamUtil - [settings] [req-serv] nacos-server port:8848
2024-10-02 16:50:32.991 [main] INFO  com.alibaba.nacos.client.utils.ParamUtil - [settings] [http-client] connect timeout:1000
2024-10-02 16:50:32.991 [main] INFO  com.alibaba.nacos.client.utils.ParamUtil - PER_TASK_CONFIG_SIZE: 3000.0
2024-10-02 16:50:32.996 [main] INFO  c.a.n.p.auth.spi.client.ClientAuthPluginManager - [ClientAuthPluginManager] Load ClientAuthService com.alibaba.nacos.client.auth.impl.NacosClientAuthServiceImpl success.
2024-10-02 16:50:32.996 [main] INFO  c.a.n.p.auth.spi.client.ClientAuthPluginManager - [ClientAuthPluginManager] Load ClientAuthService com.alibaba.nacos.client.auth.ram.RamClientAuthServiceImpl success.
2024-10-02 16:50:33.000 [main] INFO  c.a.n.client.auth.ram.identify.CredentialWatcher - null No credential found
2024-10-02 16:50:33.009 [main] INFO  com.alibaba.nacos.common.remote.client - [RpcClientFactory] create a new rpc client of 1820470c-6b81-4965-8a7a-400a341f3f43
2024-10-02 16:50:33.026 [main] INFO  com.alibaba.nacos.common.remote.client - [1820470c-6b81-4965-8a7a-400a341f3f43] RpcClient init, ServerListFactory = com.alibaba.nacos.client.naming.core.ServerListManager
2024-10-02 16:50:33.026 [main] INFO  com.alibaba.nacos.common.remote.client - [1820470c-6b81-4965-8a7a-400a341f3f43] Registry connection listener to current client:com.alibaba.nacos.client.naming.remote.gprc.redo.NamingGrpcRedoService
2024-10-02 16:50:33.026 [main] INFO  com.alibaba.nacos.common.remote.client - [1820470c-6b81-4965-8a7a-400a341f3f43] Register server push request handler:com.alibaba.nacos.client.naming.remote.gprc.NamingPushRequestHandler
2024-10-02 16:50:33.029 [main] INFO  com.alibaba.nacos.common.remote.client - [1820470c-6b81-4965-8a7a-400a341f3f43] Try to connect to server on start up, server: {serverIp = '192.168.17.131', server main port = 8848}
2024-10-02 16:50:33.059 [main] INFO  c.a.nacos.common.remote.client.grpc.GrpcClient - grpc client connection server:192.168.17.131 ip,serverPort:9848,grpcTslConfig:{"sslProvider":"OPENSSL","enableTls":false,"mutualAuthEnable":false,"trustAll":false}
2024-10-02 16:50:33.969 [main] INFO  com.alibaba.nacos.common.remote.client - [1820470c-6b81-4965-8a7a-400a341f3f43] Success to connect to server [192.168.17.131:8848] on start up, connectionId = 1727859032935_192.168.17.1_64962
2024-10-02 16:50:33.971 [com.alibaba.nacos.client.remote.worker] INFO  com.alibaba.nacos.common.remote.client - [1820470c-6b81-4965-8a7a-400a341f3f43] Notify connected event to listeners.
2024-10-02 16:50:33.971 [main] INFO  com.alibaba.nacos.common.remote.client - [1820470c-6b81-4965-8a7a-400a341f3f43] Register server push request handler:com.alibaba.nacos.common.remote.client.RpcClient$ConnectResetRequestHandler
2024-10-02 16:50:33.971 [com.alibaba.nacos.client.remote.worker] INFO  com.alibaba.nacos.client.naming - Grpc connection connect
2024-10-02 16:50:33.971 [main] INFO  com.alibaba.nacos.common.remote.client - [1820470c-6b81-4965-8a7a-400a341f3f43] Register server push request handler:com.alibaba.nacos.common.remote.client.RpcClient$$Lambda$1485/0x000000080147f470
2024-10-02 16:50:33.972 [main] INFO  com.alibaba.nacos.client.naming - [REGISTER-SERVICE] zealsingerbook registering service zealsingerbook-kv with instance Instance{instanceId='null', ip='192.168.195.1', port=8084, weight=1.0, healthy=true, enabled=true, ephemeral=true, clusterName='DEFAULT', serviceName='null', metadata={IPv6=null, preserved.register.source=SPRING_CLOUD}}
2024-10-02 16:50:33.988 [main] INFO  c.a.cloud.nacos.registry.NacosServiceRegistry - nacos registry, DEFAULT_GROUP zealsingerbook-kv 192.168.195.1:8084 register finished
2024-10-02 16:50:34.155 [main] INFO  com.zealsinger.kv.ZealsingerbookKVApplication - Started ZealsingerbookKVApplication in 6.912 seconds (process running for 7.484)
2024-10-02 16:52:35.555 [http-nio-8084-exec-1] INFO  o.a.c.core.ContainerBase.[Tomcat].[localhost].[/] - Initializing Spring DispatcherServlet 'dispatcherServlet'
2024-10-02 16:52:35.555 [http-nio-8084-exec-1] INFO  org.springframework.web.servlet.DispatcherServlet - Initializing Servlet 'dispatcherServlet'
2024-10-02 16:52:35.556 [http-nio-8084-exec-1] INFO  org.springframework.web.servlet.DispatcherServlet - Completed initialization in 1 ms
2024-10-02 16:53:04.574 [Thread-19] WARN  com.alibaba.nacos.common.notify.NotifyCenter - [NotifyCenter] Start destroying Publisher
2024-10-02 16:53:04.574 [Thread-22] WARN  c.alibaba.nacos.common.http.HttpClientBeanHolder - [HttpClientBeanHolder] Start destroying common HttpClient
2024-10-02 16:53:04.574 [Thread-19] WARN  com.alibaba.nacos.common.notify.NotifyCenter - [NotifyCenter] Destruction of the end
2024-10-02 16:53:04.575 [Thread-22] WARN  c.alibaba.nacos.common.http.HttpClientBeanHolder - [HttpClientBeanHolder] Destruction of the end
2024-10-02 16:53:06.677 [SpringApplicationShutdownHook] INFO  c.a.cloud.nacos.registry.NacosServiceRegistry - De-registering from Nacos Server now...
2024-10-02 16:53:06.677 [SpringApplicationShutdownHook] INFO  com.alibaba.nacos.client.naming - [DEREGISTER-SERVICE] zealsingerbook deregistering service zealsingerbook-kv with instance: Instance{instanceId='null', ip='192.168.195.1', port=8084, weight=1.0, healthy=true, enabled=true, ephemeral=true, clusterName='DEFAULT', serviceName='null', metadata={}}
2024-10-02 16:53:06.684 [SpringApplicationShutdownHook] INFO  c.a.cloud.nacos.registry.NacosServiceRegistry - De-registration finished.
2024-10-02 16:53:06.684 [SpringApplicationShutdownHook] INFO  com.alibaba.nacos.client.naming - com.alibaba.nacos.client.naming.cache.ServiceInfoHolder do shutdown begin
2024-10-02 16:53:06.684 [SpringApplicationShutdownHook] INFO  com.alibaba.nacos.client.naming - com.alibaba.nacos.client.naming.backups.FailoverReactor do shutdown begin
2024-10-02 16:53:06.684 [SpringApplicationShutdownHook] INFO  com.alibaba.nacos.client.naming - com.alibaba.nacos.client.naming.backups.FailoverReactor do shutdown stop
2024-10-02 16:53:06.684 [SpringApplicationShutdownHook] INFO  com.alibaba.nacos.client.naming - com.alibaba.nacos.client.naming.cache.ServiceInfoHolder do shutdown stop
2024-10-02 16:53:06.684 [SpringApplicationShutdownHook] INFO  com.alibaba.nacos.client.naming - com.alibaba.nacos.client.naming.remote.NamingClientProxyDelegate do shutdown begin
2024-10-02 16:53:06.684 [SpringApplicationShutdownHook] INFO  com.alibaba.nacos.client.naming - com.alibaba.nacos.client.naming.core.ServiceInfoUpdateService do shutdown begin
2024-10-02 16:53:06.684 [SpringApplicationShutdownHook] INFO  com.alibaba.nacos.client.naming - com.alibaba.nacos.client.naming.core.ServiceInfoUpdateService do shutdown stop
2024-10-02 16:53:06.684 [SpringApplicationShutdownHook] INFO  com.alibaba.nacos.client.naming - com.alibaba.nacos.client.naming.core.ServerListManager do shutdown begin
2024-10-02 16:53:06.685 [SpringApplicationShutdownHook] WARN  com.alibaba.nacos.client.naming - [NamingHttpClientManager] Start destroying NacosRestTemplate
2024-10-02 16:53:06.685 [SpringApplicationShutdownHook] WARN  com.alibaba.nacos.client.naming - [NamingHttpClientManager] Destruction of the end
2024-10-02 16:53:06.685 [SpringApplicationShutdownHook] INFO  com.alibaba.nacos.client.naming - com.alibaba.nacos.client.naming.core.ServerListManager do shutdown stop
2024-10-02 16:53:06.685 [SpringApplicationShutdownHook] INFO  com.alibaba.nacos.client.naming - com.alibaba.nacos.client.naming.remote.http.NamingHttpClientProxy do shutdown begin
2024-10-02 16:53:06.685 [SpringApplicationShutdownHook] WARN  com.alibaba.nacos.client.naming - [NamingHttpClientManager] Start destroying NacosRestTemplate
2024-10-02 16:53:06.685 [SpringApplicationShutdownHook] WARN  com.alibaba.nacos.client.naming - [NamingHttpClientManager] Destruction of the end
2024-10-02 16:53:06.685 [SpringApplicationShutdownHook] INFO  com.alibaba.nacos.client.naming - com.alibaba.nacos.client.naming.remote.http.NamingHttpClientProxy do shutdown stop
2024-10-02 16:53:06.685 [SpringApplicationShutdownHook] INFO  com.alibaba.nacos.common.remote.client - Shutdown rpc client, set status to shutdown
2024-10-02 16:53:06.685 [SpringApplicationShutdownHook] INFO  com.alibaba.nacos.common.remote.client - Shutdown client event executor java.util.concurrent.ScheduledThreadPoolExecutor@c134bc0[Running, pool size = 2, active threads = 2, queued tasks = 0, completed tasks = 0]
2024-10-02 16:53:06.685 [SpringApplicationShutdownHook] INFO  com.alibaba.nacos.common.remote.client - Close current connection 1727859032935_192.168.17.1_64962
2024-10-02 16:53:06.688 [SpringApplicationShutdownHook] INFO  c.a.nacos.common.remote.client.grpc.GrpcClient - Shutdown grpc executor java.util.concurrent.ThreadPoolExecutor@34e8ad63[Running, pool size = 5, active threads = 0, queued tasks = 0, completed tasks = 50]
2024-10-02 16:53:06.688 [SpringApplicationShutdownHook] INFO  com.alibaba.nacos.client.naming - Shutdown grpc redo service executor java.util.concurrent.ScheduledThreadPoolExecutor@1a8c1eb1[Running, pool size = 1, active threads = 0, queued tasks = 1, completed tasks = 51]
2024-10-02 16:53:06.689 [SpringApplicationShutdownHook] INFO  c.a.n.client.auth.ram.identify.CredentialWatcher - [null] CredentialWatcher is stopped
2024-10-02 16:53:06.689 [SpringApplicationShutdownHook] INFO  c.a.n.client.auth.ram.identify.CredentialService - [null] CredentialService is freed
2024-10-02 16:53:06.689 [SpringApplicationShutdownHook] INFO  com.alibaba.nacos.client.naming - com.alibaba.nacos.client.naming.remote.NamingClientProxyDelegate do shutdown stop
