2024-09-28 21:13:54.183 [main] WARN  com.alibaba.nacos.client.logging.NacosLogging - Load Logback Configuration of Nacos fail, message: Could not initialize Logback Nacos logging from classpath:nacos-logback.xml
2024-09-28 21:13:54.231 [main] WARN  com.alibaba.nacos.client.logging.NacosLogging - Load Logback Configuration of Nacos fail, message: Could not initialize Logback Nacos logging from classpath:nacos-logback.xml
2024-09-28 21:13:55.630 [main] WARN  com.alibaba.nacos.client.logging.NacosLogging - Load Logback Configuration of Nacos fail, message: Could not initialize Logback Nacos logging from classpath:nacos-logback.xml
2024-09-28 21:13:55.642 [main] WARN  com.alibaba.nacos.client.logging.NacosLogging - Load Logback Configuration of Nacos fail, message: Could not initialize Logback Nacos logging from classpath:nacos-logback.xml
2024-09-28 21:13:55.643 [main] INFO  com.zealsinger.user.ZealsingerBookUerApplication - The following 1 profile is active: "dev"
2024-09-28 21:13:55.995 [main] INFO  o.springframework.cloud.context.scope.GenericScope - BeanFactory id=38b2eb6f-21d9-3035-932b-6bc9a4bcba43
2024-09-28 21:13:56.346 [main] INFO  o.s.boot.web.embedded.tomcat.TomcatWebServer - Tomcat initialized with port(s): 8082 (http)
2024-09-28 21:13:56.355 [main] INFO  org.apache.catalina.core.StandardService - Starting service [Tomcat]
2024-09-28 21:13:56.355 [main] INFO  org.apache.catalina.core.StandardEngine - Starting Servlet engine: [Apache Tomcat/10.1.5]
2024-09-28 21:13:56.433 [main] INFO  o.a.c.core.ContainerBase.[Tomcat].[localhost].[/] - Initializing Spring embedded WebApplicationContext
2024-09-28 21:13:56.434 [main] INFO  o.s.b.w.s.c.ServletWebServerApplicationContext - Root WebApplicationContext: initialization completed in 783 ms
2024-09-28 21:13:57.814 [main] INFO  org.springframework.cloud.commons.util.InetUtils - Cannot determine local hostname
2024-09-28 21:13:59.167 [main] INFO  org.springframework.cloud.commons.util.InetUtils - Cannot determine local hostname
2024-09-28 21:13:59.217 [main] INFO  o.s.boot.web.embedded.tomcat.TomcatWebServer - Tomcat started on port(s): 8082 (http) with context path ''
2024-09-28 21:13:59.222 [main] WARN  com.alibaba.nacos.client.logging.NacosLogging - Load Logback Configuration of Nacos fail, message: Could not initialize Logback Nacos logging from classpath:nacos-logback.xml
2024-09-28 21:13:59.223 [main] INFO  com.alibaba.nacos.client.naming - initializer namespace from ans.namespace attribute : null
2024-09-28 21:13:59.223 [main] INFO  com.alibaba.nacos.client.naming - initializer namespace from ALIBABA_ALIWARE_NAMESPACE attribute :null
2024-09-28 21:13:59.224 [main] INFO  com.alibaba.nacos.client.naming - initializer namespace from namespace attribute :null
2024-09-28 21:13:59.244 [main] INFO  com.alibaba.nacos.client.utils.ParamUtil - [settings] [req-serv] nacos-server port:8848
2024-09-28 21:13:59.244 [main] INFO  com.alibaba.nacos.client.utils.ParamUtil - [settings] [http-client] connect timeout:1000
2024-09-28 21:13:59.245 [main] INFO  com.alibaba.nacos.client.utils.ParamUtil - PER_TASK_CONFIG_SIZE: 3000.0
2024-09-28 21:13:59.250 [main] INFO  c.a.n.p.auth.spi.client.ClientAuthPluginManager - [ClientAuthPluginManager] Load ClientAuthService com.alibaba.nacos.client.auth.impl.NacosClientAuthServiceImpl success.
2024-09-28 21:13:59.250 [main] INFO  c.a.n.p.auth.spi.client.ClientAuthPluginManager - [ClientAuthPluginManager] Load ClientAuthService com.alibaba.nacos.client.auth.ram.RamClientAuthServiceImpl success.
2024-09-28 21:13:59.253 [main] INFO  c.a.n.client.auth.ram.identify.CredentialWatcher - null No credential found
2024-09-28 21:13:59.260 [main] INFO  com.alibaba.nacos.common.remote.client - [RpcClientFactory] create a new rpc client of 5e9a717c-63b2-44a2-a7b6-562be434fe54
2024-09-28 21:13:59.276 [main] INFO  com.alibaba.nacos.common.remote.client - [5e9a717c-63b2-44a2-a7b6-562be434fe54] RpcClient init, ServerListFactory = com.alibaba.nacos.client.naming.core.ServerListManager
2024-09-28 21:13:59.276 [main] INFO  com.alibaba.nacos.common.remote.client - [5e9a717c-63b2-44a2-a7b6-562be434fe54] Registry connection listener to current client:com.alibaba.nacos.client.naming.remote.gprc.redo.NamingGrpcRedoService
2024-09-28 21:13:59.276 [main] INFO  com.alibaba.nacos.common.remote.client - [5e9a717c-63b2-44a2-a7b6-562be434fe54] Register server push request handler:com.alibaba.nacos.client.naming.remote.gprc.NamingPushRequestHandler
2024-09-28 21:13:59.278 [main] INFO  com.alibaba.nacos.common.remote.client - [5e9a717c-63b2-44a2-a7b6-562be434fe54] Try to connect to server on start up, server: {serverIp = '8.154.40.120', server main port = 8848}
2024-09-28 21:13:59.302 [main] INFO  c.a.nacos.common.remote.client.grpc.GrpcClient - grpc client connection server:8.154.40.120 ip,serverPort:9848,grpcTslConfig:{"sslProvider":"OPENSSL","enableTls":false,"mutualAuthEnable":false,"trustAll":false}
2024-09-28 21:14:00.244 [main] INFO  com.alibaba.nacos.common.remote.client - [5e9a717c-63b2-44a2-a7b6-562be434fe54] Success to connect to server [8.154.40.120:8848] on start up, connectionId = 1727529240034_192.168.17.1_65354
2024-09-28 21:14:00.244 [com.alibaba.nacos.client.remote.worker] INFO  com.alibaba.nacos.common.remote.client - [5e9a717c-63b2-44a2-a7b6-562be434fe54] Notify connected event to listeners.
2024-09-28 21:14:00.245 [com.alibaba.nacos.client.remote.worker] INFO  com.alibaba.nacos.client.naming - Grpc connection connect
2024-09-28 21:14:00.245 [main] INFO  com.alibaba.nacos.common.remote.client - [5e9a717c-63b2-44a2-a7b6-562be434fe54] Register server push request handler:com.alibaba.nacos.common.remote.client.RpcClient$ConnectResetRequestHandler
2024-09-28 21:14:00.246 [main] INFO  com.alibaba.nacos.common.remote.client - [5e9a717c-63b2-44a2-a7b6-562be434fe54] Register server push request handler:com.alibaba.nacos.common.remote.client.RpcClient$$Lambda$908/0x000000080124a7b8
2024-09-28 21:14:00.247 [main] INFO  com.alibaba.nacos.client.naming - [REGISTER-SERVICE] zealsingerbook registering service zealsingerbook-user with instance Instance{instanceId='null', ip='192.168.195.1', port=8082, weight=1.0, healthy=true, enabled=true, ephemeral=true, clusterName='DEFAULT', serviceName='null', metadata={IPv6=null, preserved.register.source=SPRING_CLOUD}}
2024-09-28 21:14:00.275 [main] INFO  c.a.cloud.nacos.registry.NacosServiceRegistry - nacos registry, DEFAULT_GROUP zealsingerbook-user 192.168.195.1:8082 register finished
2024-09-28 21:14:01.443 [main] INFO  org.springframework.cloud.commons.util.InetUtils - Cannot determine local hostname
2024-09-28 21:14:01.450 [main] INFO  com.zealsinger.user.ZealsingerBookUerApplication - Started ZealsingerBookUerApplication in 8.886 seconds (process running for 9.474)
2024-09-28 21:31:47.369 [Thread-8] WARN  c.alibaba.nacos.common.http.HttpClientBeanHolder - [HttpClientBeanHolder] Start destroying common HttpClient
2024-09-28 21:31:47.369 [Thread-5] WARN  com.alibaba.nacos.common.notify.NotifyCenter - [NotifyCenter] Start destroying Publisher
2024-09-28 21:31:47.369 [Thread-5] WARN  com.alibaba.nacos.common.notify.NotifyCenter - [NotifyCenter] Destruction of the end
2024-09-28 21:31:47.370 [Thread-8] WARN  c.alibaba.nacos.common.http.HttpClientBeanHolder - [HttpClientBeanHolder] Destruction of the end
2024-09-28 21:31:47.419 [SpringApplicationShutdownHook] INFO  c.a.cloud.nacos.registry.NacosServiceRegistry - De-registering from Nacos Server now...
2024-09-28 21:31:47.419 [SpringApplicationShutdownHook] INFO  com.alibaba.nacos.client.naming - [DEREGISTER-SERVICE] zealsingerbook deregistering service zealsingerbook-user with instance: Instance{instanceId='null', ip='192.168.195.1', port=8082, weight=1.0, healthy=true, enabled=true, ephemeral=true, clusterName='DEFAULT', serviceName='null', metadata={}}
2024-09-28 21:31:47.424 [SpringApplicationShutdownHook] INFO  c.a.cloud.nacos.registry.NacosServiceRegistry - De-registration finished.
2024-09-28 21:31:47.425 [SpringApplicationShutdownHook] INFO  com.alibaba.nacos.client.naming - com.alibaba.nacos.client.naming.cache.ServiceInfoHolder do shutdown begin
2024-09-28 21:31:47.425 [SpringApplicationShutdownHook] INFO  com.alibaba.nacos.client.naming - com.alibaba.nacos.client.naming.backups.FailoverReactor do shutdown begin
2024-09-28 21:31:47.426 [SpringApplicationShutdownHook] INFO  com.alibaba.nacos.client.naming - com.alibaba.nacos.client.naming.backups.FailoverReactor do shutdown stop
2024-09-28 21:31:47.426 [SpringApplicationShutdownHook] INFO  com.alibaba.nacos.client.naming - com.alibaba.nacos.client.naming.cache.ServiceInfoHolder do shutdown stop
2024-09-28 21:31:47.426 [SpringApplicationShutdownHook] INFO  com.alibaba.nacos.client.naming - com.alibaba.nacos.client.naming.remote.NamingClientProxyDelegate do shutdown begin
2024-09-28 21:31:47.426 [SpringApplicationShutdownHook] INFO  com.alibaba.nacos.client.naming - com.alibaba.nacos.client.naming.core.ServiceInfoUpdateService do shutdown begin
2024-09-28 21:31:47.426 [SpringApplicationShutdownHook] INFO  com.alibaba.nacos.client.naming - com.alibaba.nacos.client.naming.core.ServiceInfoUpdateService do shutdown stop
2024-09-28 21:31:47.426 [SpringApplicationShutdownHook] INFO  com.alibaba.nacos.client.naming - com.alibaba.nacos.client.naming.core.ServerListManager do shutdown begin
2024-09-28 21:31:47.426 [SpringApplicationShutdownHook] WARN  com.alibaba.nacos.client.naming - [NamingHttpClientManager] Start destroying NacosRestTemplate
2024-09-28 21:31:47.426 [SpringApplicationShutdownHook] WARN  com.alibaba.nacos.client.naming - [NamingHttpClientManager] Destruction of the end
2024-09-28 21:31:47.426 [SpringApplicationShutdownHook] INFO  com.alibaba.nacos.client.naming - com.alibaba.nacos.client.naming.core.ServerListManager do shutdown stop
2024-09-28 21:31:47.426 [SpringApplicationShutdownHook] INFO  com.alibaba.nacos.client.naming - com.alibaba.nacos.client.naming.remote.http.NamingHttpClientProxy do shutdown begin
2024-09-28 21:31:47.426 [SpringApplicationShutdownHook] WARN  com.alibaba.nacos.client.naming - [NamingHttpClientManager] Start destroying NacosRestTemplate
2024-09-28 21:31:47.426 [SpringApplicationShutdownHook] WARN  com.alibaba.nacos.client.naming - [NamingHttpClientManager] Destruction of the end
2024-09-28 21:31:47.426 [SpringApplicationShutdownHook] INFO  com.alibaba.nacos.client.naming - com.alibaba.nacos.client.naming.remote.http.NamingHttpClientProxy do shutdown stop
2024-09-28 21:31:47.426 [SpringApplicationShutdownHook] INFO  com.alibaba.nacos.common.remote.client - Shutdown rpc client, set status to shutdown
2024-09-28 21:31:47.426 [SpringApplicationShutdownHook] INFO  com.alibaba.nacos.common.remote.client - Shutdown client event executor java.util.concurrent.ScheduledThreadPoolExecutor@318706c6[Running, pool size = 2, active threads = 2, queued tasks = 0, completed tasks = 0]
2024-09-28 21:31:47.427 [SpringApplicationShutdownHook] INFO  com.alibaba.nacos.common.remote.client - Close current connection 1727529240034_192.168.17.1_65354
2024-09-28 21:31:47.436 [nacos-grpc-client-executor-8.154.40.120-243] WARN  c.a.nacos.common.remote.client.grpc.GrpcClient - [1727529240034_192.168.17.1_65354]Ignore error event,isRunning:false,isAbandon=false
2024-09-28 21:31:47.437 [SpringApplicationShutdownHook] INFO  c.a.nacos.common.remote.client.grpc.GrpcClient - Shutdown grpc executor java.util.concurrent.ThreadPoolExecutor@74aaa5ae[Running, pool size = 4, active threads = 0, queued tasks = 0, completed tasks = 244]
2024-09-28 21:31:47.438 [SpringApplicationShutdownHook] INFO  com.alibaba.nacos.client.naming - Shutdown grpc redo service executor java.util.concurrent.ScheduledThreadPoolExecutor@697cc8b7[Running, pool size = 1, active threads = 0, queued tasks = 1, completed tasks = 355]
2024-09-28 21:31:47.438 [SpringApplicationShutdownHook] INFO  c.a.n.client.auth.ram.identify.CredentialWatcher - [null] CredentialWatcher is stopped
2024-09-28 21:31:47.438 [SpringApplicationShutdownHook] INFO  c.a.n.client.auth.ram.identify.CredentialService - [null] CredentialService is freed
2024-09-28 21:31:47.438 [SpringApplicationShutdownHook] INFO  com.alibaba.nacos.client.naming - com.alibaba.nacos.client.naming.remote.NamingClientProxyDelegate do shutdown stop
